<?xml version="1.0" encoding="UTF-8"?>
<!-- Generated by org.testng.reporters.JUnitReportReporter -->
<testsuite hostname="HW00815" failures="0" tests="4" name="JavaStreamDemo" time="0.040" errors="0" timestamp="2023-06-20T15:47:29 IST" skipped="0">
  <testcase classname="JavaStreamDemo" name="regular" time="0.014"/>
  <system-out/>
  <testcase classname="JavaStreamDemo" name="streamDemo" time="0.006"/>
  <system-out/>
  <testcase classname="JavaStreamDemo" name="sitemap" time="0.012"/>
  <system-out/>
  <testcase classname="JavaStreamDemo" name="streamCollect" time="0.008"/>
  <system-out/>
</testsuite> <!-- JavaStreamDemo -->
